# JRE version: OpenJDK Runtime Environment Temurin-21.0.2+13 (21.0.2+13) (build 21.0.2+13-LTS)
# Java VM: OpenJDK 64-Bit Server VM Temurin-21.0.2+13 (21.0.2+13-LTS, mixed mode, emulated-client, sharing, tiered, compressed oops, compressed class ptrs, g1 gc, windows-amd64)
GC Precious Log:
 CardTable entry size: 512
 Card Set container configuration: InlinePtr #cards 4 size 8 Array Of Cards #cards 32 size 80 Howl #buckets 8 coarsen threshold 7372 Howl Bitmap #cards 1024 size 144 coarsen threshold 921 Card regions per heap region 1 cards per card region 8192
 CPUs: 16 total, 16 available
 Memory: 32694M
 Large Page Support: Disabled
 NUMA Support: Disabled
 Compressed Oops: Enabled (Zero based)
 Heap Region Size: 4M
 Heap Min Capacity: 8M
 Heap Initial Capacity: 512M
 Heap Max Capacity: 8176M
 Pre-touch: Disabled
 Parallel Workers: 13
 Concurrent Workers: 3
 Concurrent Refinement Workers: 13
 Periodic GC: Disabled
Heap:
 garbage-first heap   total 110592K, used 91491K [0x0000000601000000, 0x0000000800000000)
  region size 4096K, 17 young (69632K), 2 survivors (8192K)
 Metaspace       used 79259K, committed 80064K, reserved 1179648K
  class space    used 11107K, committed 11456K, reserved 1048576K
GC Heap History (20 events):
Event: 3.175 GC heap after
{Heap after GC invocations=12 (full 0):
 garbage-first heap   total 81920K, used 22201K [0x0000000601000000, 0x0000000800000000)
  region size 4096K, 2 young (8192K), 2 survivors (8192K)
 Metaspace       used 38515K, committed 39040K, reserved 1114112K
  class space    used 5073K, committed 5312K, reserved 1048576K
}
Event: 3.415 GC heap before
{Heap before GC invocations=12 (full 0):
 garbage-first heap   total 81920K, used 63161K [0x0000000601000000, 0x0000000800000000)
  region size 4096K, 12 young (49152K), 2 survivors (8192K)
 Metaspace       used 42021K, committed 42560K, reserved 1114112K
  class space    used 5556K, committed 5760K, reserved 1048576K
}
Event: 3.417 GC heap after
{Heap after GC invocations=13 (full 0):
 garbage-first heap   total 81920K, used 23640K [0x0000000601000000, 0x0000000800000000)
  region size 4096K, 2 young (8192K), 2 survivors (8192K)
 Metaspace       used 42021K, committed 42560K, reserved 1114112K
  class space    used 5556K, committed 5760K, reserved 1048576K
}
Event: 3.651 GC heap before
{Heap before GC invocations=13 (full 0):
 garbage-first heap   total 81920K, used 64600K [0x0000000601000000, 0x0000000800000000)
  region size 4096K, 12 young (49152K), 2 survivors (8192K)
 Metaspace       used 45436K, committed 46080K, reserved 1114112K
  class space    used 6157K, committed 6464K, reserved 1048576K
}
Event: 3.654 GC heap after
{Heap after GC invocations=14 (full 0):
 garbage-first heap   total 303104K, used 24442K [0x0000000601000000, 0x0000000800000000)
  region size 4096K, 2 young (8192K), 2 survivors (8192K)
 Metaspace       used 45436K, committed 46080K, reserved 1114112K
  class space    used 6157K, committed 6464K, reserved 1048576K
}
Event: 4.095 GC heap before
{Heap before GC invocations=14 (full 0):
 garbage-first heap   total 303104K, used 94074K [0x0000000601000000, 0x0000000800000000)
  region size 4096K, 21 young (86016K), 2 survivors (8192K)
 Metaspace       used 52520K, committed 53120K, reserved 1114112K
  class space    used 7117K, committed 7424K, reserved 1048576K
}
Event: 4.099 GC heap after
{Heap after GC invocations=15 (full 0):
 garbage-first heap   total 303104K, used 25865K [0x0000000601000000, 0x0000000800000000)
  region size 4096K, 2 young (8192K), 2 survivors (8192K)
 Metaspace       used 52520K, committed 53120K, reserved 1114112K
  class space    used 7117K, committed 7424K, reserved 1048576K
}
Event: 4.458 GC heap before
{Heap before GC invocations=16 (full 0):
 garbage-first heap   total 110592K, used 83209K [0x0000000601000000, 0x0000000800000000)
  region size 4096K, 16 young (65536K), 2 survivors (8192K)
 Metaspace       used 58233K, committed 58944K, reserved 1114112K
  class space    used 8139K, committed 8448K, reserved 1048576K
}
Event: 4.461 GC heap after
{Heap after GC invocations=17 (full 0):
 garbage-first heap   total 110592K, used 27876K [0x0000000601000000, 0x0000000800000000)
  region size 4096K, 2 young (8192K), 2 survivors (8192K)
 Metaspace       used 58233K, committed 58944K, reserved 1114112K
  class space    used 8139K, committed 8448K, reserved 1048576K
}
Event: 5.015 GC heap before
{Heap before GC invocations=17 (full 0):
 garbage-first heap   total 110592K, used 85220K [0x0000000601000000, 0x0000000800000000)
  region size 4096K, 16 young (65536K), 2 survivors (8192K)
 Metaspace       used 63494K, committed 64192K, reserved 1114112K
  class space    used 8796K, committed 9088K, reserved 1048576K
}
Event: 5.019 GC heap after
{Heap after GC invocations=18 (full 0):
 garbage-first heap   total 110592K, used 27458K [0x0000000601000000, 0x0000000800000000)
  region size 4096K, 2 young (8192K), 2 survivors (8192K)
 Metaspace       used 63494K, committed 64192K, reserved 1114112K
  class space    used 8796K, committed 9088K, reserved 1048576K
}
Event: 5.425 GC heap before
{Heap before GC invocations=18 (full 0):
 garbage-first heap   total 110592K, used 84802K [0x0000000601000000, 0x0000000800000000)
  region size 4096K, 16 young (65536K), 2 survivors (8192K)
 Metaspace       used 67844K, committed 68544K, reserved 1114112K
  class space    used 9483K, committed 9792K, reserved 1048576K
}
Event: 5.429 GC heap after
{Heap after GC invocations=19 (full 0):
 garbage-first heap   total 110592K, used 30809K [0x0000000601000000, 0x0000000800000000)
  region size 4096K, 2 young (8192K), 2 survivors (8192K)
 Metaspace       used 67844K, committed 68544K, reserved 1114112K
  class space    used 9483K, committed 9792K, reserved 1048576K
}
Event: 39.637 GC heap before
{Heap before GC invocations=19 (full 0):
 garbage-first heap   total 110592K, used 88153K [0x0000000601000000, 0x0000000800000000)
  region size 4096K, 16 young (65536K), 2 survivors (8192K)
 Metaspace       used 72340K, committed 73088K, reserved 1114112K
  class space    used 10126K, committed 10496K, reserved 1048576K
}
Event: 39.641 GC heap after
{Heap after GC invocations=20 (full 0):
 garbage-first heap   total 110592K, used 33454K [0x0000000601000000, 0x0000000800000000)
  region size 4096K, 2 young (8192K), 2 survivors (8192K)
 Metaspace       used 72340K, committed 73088K, reserved 1114112K
  class space    used 10126K, committed 10496K, reserved 1048576K
}
Event: 51.686 GC heap before
{Heap before GC invocations=20 (full 0):
 garbage-first heap   total 110592K, used 86702K [0x0000000601000000, 0x0000000800000000)
  region size 4096K, 16 young (65536K), 2 survivors (8192K)
 Metaspace       used 77317K, committed 78080K, reserved 1179648K
  class space    used 10819K, committed 11136K, reserved 1048576K
}
Event: 51.689 GC heap after
{Heap after GC invocations=21 (full 0):
 garbage-first heap   total 110592K, used 35967K [0x0000000601000000, 0x0000000800000000)
  region size 4096K, 2 young (8192K), 2 survivors (8192K)
 Metaspace       used 77317K, committed 78080K, reserved 1179648K
  class space    used 10819K, committed 11136K, reserved 1048576K
}
Event: 471.951 GC heap before
{Heap before GC invocations=21 (full 0):
 garbage-first heap   total 110592K, used 68735K [0x0000000601000000, 0x0000000800000000)
  region size 4096K, 11 young (45056K), 2 survivors (8192K)
 Metaspace       used 79093K, committed 79936K, reserved 1179648K
  class space    used 11084K, committed 11456K, reserved 1048576K
}
Event: 472.006 GC heap after
{Heap after GC invocations=22 (full 1):
 garbage-first heap   total 110592K, used 30051K [0x0000000601000000, 0x0000000800000000)
  region size 4096K, 0 young (0K), 0 survivors (0K)
 Metaspace       used 79091K, committed 79936K, reserved 1179648K
  class space    used 11084K, committed 11456K, reserved 1048576K
}
Event: 542.230 GC heap before
{Heap before GC invocations=22 (full 1):
 garbage-first heap   total 110592K, used 91491K [0x0000000601000000, 0x0000000800000000)
  region size 4096K, 15 young (61440K), 0 survivors (0K)
 Metaspace       used 79259K, committed 80064K, reserved 1179648K
  class space    used 11107K, committed 11456K, reserved 1048576K
}

